<?xml version="1.0" encoding="UTF-8"?>
<!-- Generated by org.testng.reporters.JUnitXMLReporter -->
<testsuite ignored="6" hostname="Sushil" failures="1" tests="1" name="Smoke Test" time="11.461" errors="0" timestamp="2020-06-02T10:31:28 EDT">
  <testcase classname="com.hrms.testcases.LoginTest" name="validAdminLogin" time="3.082">
    <failure type="java.lang.AssertionError" message="Admin is NOT Logged in expected [Welcome Admins] but found [Welcome Admin]">
      <![CDATA[java.lang.AssertionError: Admin is NOT Logged in expected [Welcome Admins] but found [Welcome Admin]
at com.hrms.testcases.LoginTest.validAdminLogin(LoginTest.java:26)
at java.base/java.util.ArrayList.forEach(ArrayList.java:1507)
... Removed 31 stack frames]]>
    </failure>
  </testcase> <!-- validAdminLogin -->
  <testcase classname="com.hrms.testcases.LoginTest" name="timeStamp" time="0.0">
    <ignored/>
  </testcase> <!-- timeStamp -->
  <testcase classname="com.hrms.testbase.BaseClass" name="@BeforeTest generateReport" time="0.0">
    <ignored/>
  </testcase> <!-- @BeforeTest generateReport -->
  <testcase classname="com.hrms.testcases.AddEmployeeTest" name="addEmployee" time="0.0">
    <ignored/>
  </testcase> <!-- addEmployee -->
  <testcase classname="com.hrms.testbase.BaseClass" name="@AfterTest writeReport" time="0.0">
    <ignored/>
  </testcase> <!-- @AfterTest writeReport -->
  <testcase classname="com.hrms.testcases.LoginTest" name="invalidPasswordLogin" time="0.0">
    <ignored/>
  </testcase> <!-- invalidPasswordLogin -->
  <testcase classname="com.hrms.testcases.LoginTest" name="emptyUsernameLogin" time="0.0">
    <ignored/>
  </testcase> <!-- emptyUsernameLogin -->
</testsuite> <!-- Smoke Test -->
